<?xml version="1.0" encoding="UTF-8"?>
<!-- Generated by org.testng.reporters.JUnitReportReporter -->
<testsuite hostname="Yathirv" failures="0" tests="1" name="demo" time="0.006" errors="0" timestamp="2022-02-02T18:20:45 IST" skipped="0">
  <testcase classname="demo" name="stringdefine" time="0.006"/>
  <system-out/>
</testsuite> <!-- demo -->
